
Showing logs for build [32mcb-kubecd-environment-pr-187-32-2kk8d-1[0m stage [32mfrom-build-pack[0m and container [32mstep-credential-initializer-nmgtj[0m
{"level":"warn","ts":1584809120.4370258,"logger":"fallback-logger","caller":"logging/config.go:69","msg":"Fetch GitHub commit ID from kodata failed: \"ref: refs/heads/0.8.0-**-support-backwards-incompats\" is not a valid GitHub commit ID"}
{"level":"info","ts":1584809120.43767,"logger":"fallback-logger","caller":"creds-init/main.go:40","msg":"Credentials initialized."}

Showing logs for build [32mcb-kubecd-environment-pr-187-32-2kk8d-1[0m stage [32mfrom-build-pack[0m and container [32mstep-working-dir-initializer-k5cxm[0m
{"level":"warn","ts":1584809121.3432982,"logger":"fallback-logger","caller":"logging/config.go:69","msg":"Fetch GitHub commit ID from kodata failed: open /var/run/ko/HEAD: no such file or directory"}
{"level":"info","ts":1584809121.3479393,"logger":"fallback-logger","caller":"bash/main.go:64","msg":"Successfully executed command \"sh -c mkdir -p /workspace/source\"; output "}

Showing logs for build [32mcb-kubecd-environment-pr-187-32-2kk8d-1[0m stage [32mfrom-build-pack[0m and container [32mstep-place-tools[0m

Showing logs for build [32mcb-kubecd-environment-pr-187-32-2kk8d-1[0m stage [32mfrom-build-pack[0m and container [32mstep-git-source-cb-kubecd-environment-pr-187-32-2kk8d-lvglm[0m
{"level":"warn","ts":1584809150.4459999,"logger":"fallback-logger","caller":"logging/config.go:69","msg":"Fetch GitHub commit ID from kodata failed: \"ref: refs/heads/0.8.0-**-support-backwards-incompats\" is not a valid GitHub commit ID"}
{"level":"info","ts":1584809151.477018,"logger":"fallback-logger","caller":"git/git.go:103","msg":"Successfully cloned https://github.com/cb-kubecd/environment-pr-187-32-gke-upgrade-staging.git @ master in path /workspace/source"}

Showing logs for build [32mcb-kubecd-environment-pr-187-32-2kk8d-1[0m stage [32mfrom-build-pack[0m and container [32mstep-git-merge[0m
Using SHAs from PULL_REFS=master:ec12a945c1670e63ef7d7e786c1c873558394a7d,1:807b4ae1aa87ec25b7af4342736a847314d8afa2
DEBUG: LC_ALL=C JX_LOG_LEVEL=error git fetch origin --unshallow 807b4ae1aa87ec25b7af4342736a847314d8afa2: ec12a945c1670e63ef7d7e786c1c873558394a7d:
DEBUG: ran git fetch --unshallow origin 807b4ae1aa87ec25b7af4342736a847314d8afa2: ec12a945c1670e63ef7d7e786c1c873558394a7d: in 
DEBUG: JX_LOG_LEVEL=error LC_ALL=C git branch
DEBUG: LC_ALL=C JX_LOG_LEVEL=error git checkout master
DEBUG: ran git checkout master in 
DEBUG: LC_ALL=C JX_LOG_LEVEL=error git reset --hard ec12a945c1670e63ef7d7e786c1c873558394a7d
DEBUG: ran git reset --hard ec12a945c1670e63ef7d7e786c1c873558394a7d in 
DEBUG: LC_ALL=C JX_LOG_LEVEL=error git clean -fd .
DEBUG: ran clean --force -d . in 
DEBUG: JX_LOG_LEVEL=error LC_ALL=C git merge 807b4ae1aa87ec25b7af4342736a847314d8afa2
DEBUG: ran git merge 807b4ae1aa87ec25b7af4342736a847314d8afa2 in 
DEBUG: LC_ALL=C JX_LOG_LEVEL=error git log --format=%H%x1f%an%x1f%ae%x1f%cn%x1f%ce%x1f%s%n%b%x1e ec12a945c1670e63ef7d7e786c1c873558394a7d..HEAD
Merged SHA 807b4ae1aa87ec25b7af4342736a847314d8afa2 with commit message 'chore: Promote bdd-spring-1584808786 to version 0.0.1' into base branch master

Showing logs for build [32mcb-kubecd-environment-pr-187-32-2kk8d-1[0m stage [32mfrom-build-pack[0m and container [32mstep-build-helm-build[0m
WARNING: No $CHART_REPOSITORY defined so using the default value of: http://jenkins-x-chartmuseum:8080
Adding missing Helm repo: storage.googleapis.com https://storage.googleapis.com/chartmuseum.jenkins-x.io
WARNING: No secrets found on "helm/repos" due: reading the secret "helm/repos" from vault: no secret "helm/repos" not found in vault
Read credentials for https://storage.googleapis.com/chartmuseum.jenkins-x.io from vault helm/repos
Successfully added Helm repository storage.googleapis.com.
Adding missing Helm repo: jenkins-x-chartmuseum http://jenkins-x-chartmuseum:8080
WARNING: No secrets found on "helm/repos" due: reading the secret "helm/repos" from vault: no secret "helm/repos" not found in vault
Read credentials for http://jenkins-x-chartmuseum:8080 from vault helm/repos
Successfully added Helm repository jenkins-x-chartmuseum.
WARNING: No $CHART_REPOSITORY defined so using the default value of: http://jenkins-x-chartmuseum:8080
Adding missing Helm repo: chartmuseum.jenkins-x.io http://chartmuseum.jenkins-x.io
WARNING: No secrets found on "helm/repos" due: reading the secret "helm/repos" from vault: no secret "helm/repos" not found in vault
Read credentials for http://chartmuseum.jenkins-x.io from vault helm/repos
Successfully added Helm repository chartmuseum.jenkins-x.io.
